<?xml version="1.0" encoding="UTF-8"?>
<testng-results ignored="0" total="1" passed="1" failed="0" skipped="0">
  <reporter-output>
  </reporter-output>
  <suite started-at="2023-02-03T07:45:08 CST" name="Default suite" finished-at="2023-02-03T07:45:41 CST" duration-ms="32965">
    <groups>
    </groups>
    <test started-at="2023-02-03T07:45:08 CST" name="Default test" finished-at="2023-02-03T07:45:41 CST" duration-ms="32965">
      <class name="webDriverConnection.Chrome">
        <test-method signature="setUp()[pri:0, instance:webDriverConnection.Chrome@31d7b7bf]" started-at="2023-02-03T07:45:08 CST" name="setUp" finished-at="2023-02-03T07:45:41 CST" duration-ms="32925" status="PASS">
          <reporter-output>
          </reporter-output>
        </test-method> <!-- setUp -->
      </class> <!-- webDriverConnection.Chrome -->
    </test> <!-- Default test -->
  </suite> <!-- Default suite -->
</testng-results>
